<?xml version="1.0" encoding="UTF-8"?>
<testng-results ignored="0" total="2" passed="2" failed="0" skipped="0">
  <reporter-output>
  </reporter-output>
  <suite started-at="2022-09-22T19:15:27 IST" name="Suite" finished-at="2022-09-22T19:15:35 IST" duration-ms="7576">
    <groups>
    </groups>
    <test started-at="2022-09-22T19:15:27 IST" name="Test" finished-at="2022-09-22T19:15:35 IST" duration-ms="7576">
      <class name="tutorial1.Demo1">
        <test-method signature="abc()[pri:0, instance:tutorial1.Demo1@4c12331b]" started-at="2022-09-22T19:15:27 IST" name="abc" finished-at="2022-09-22T19:15:33 IST" duration-ms="5272" status="PASS">
          <reporter-output>
          </reporter-output>
        </test-method> <!-- abc -->
        <test-method signature="xyz()[pri:0, instance:tutorial1.Demo1@4c12331b]" started-at="2022-09-22T19:15:33 IST" name="xyz" finished-at="2022-09-22T19:15:35 IST" duration-ms="2253" status="PASS">
          <reporter-output>
          </reporter-output>
        </test-method> <!-- xyz -->
      </class> <!-- tutorial1.Demo1 -->
    </test> <!-- Test -->
  </suite> <!-- Suite -->
</testng-results>
