<?xml version="1.0" encoding="UTF-8"?>
<testng-results ignored="0" total="2" passed="2" failed="0" skipped="0">
  <reporter-output>
  </reporter-output>
  <suite started-at="2022-09-12T20:10:20 IST" name="Suite" finished-at="2022-09-12T20:10:25 IST" duration-ms="4810">
    <groups>
    </groups>
    <test started-at="2022-09-12T20:10:20 IST" name="Test" finished-at="2022-09-12T20:10:25 IST" duration-ms="4810">
      <class name="tutorial1.Demo1">
        <test-method signature="abc()[pri:0, instance:tutorial1.Demo1@79da8dc5]" started-at="2022-09-12T20:10:20 IST" name="abc" finished-at="2022-09-12T20:10:23 IST" duration-ms="2877" status="PASS">
          <reporter-output>
          </reporter-output>
        </test-method> <!-- abc -->
        <test-method signature="xyz()[pri:0, instance:tutorial1.Demo1@79da8dc5]" started-at="2022-09-12T20:10:23 IST" name="xyz" finished-at="2022-09-12T20:10:25 IST" duration-ms="1882" status="PASS">
          <reporter-output>
          </reporter-output>
        </test-method> <!-- xyz -->
      </class> <!-- tutorial1.Demo1 -->
    </test> <!-- Test -->
  </suite> <!-- Suite -->
</testng-results>
